# JRE version: OpenJDK Runtime Environment (21.0.8) (build 21.0.8+-14018985-b1038.68)
# Java VM: OpenJDK 64-Bit Server VM (21.0.8+-14018985-b1038.68, mixed mode, tiered, compressed oops, compressed class ptrs, g1 gc, windows-amd64)
GC Precious Log:
 CardTable entry size: 512
 Card Set container configuration: InlinePtr #cards 5 size 8 Array Of Cards #cards 12 size 40 Howl #buckets 4 coarsen threshold 1843 Howl Bitmap #cards 512 size 80 coarsen threshold 460 Card regions per heap region 1 cards per card region 2048
 CPUs: 12 total, 12 available
 Memory: 5989M
 Large Page Support: Disabled
 NUMA Support: Disabled
 Compressed Oops: Enabled (32-bit)
 Heap Region Size: 1M
 Heap Min Capacity: 8M
 Heap Initial Capacity: 94M
 Heap Max Capacity: 1498M
 Pre-touch: Disabled
 Parallel Workers: 10
 Concurrent Workers: 3
 Concurrent Refinement Workers: 10
 Periodic GC: Disabled
Heap:
 garbage-first heap   total 181248K, used 135941K [0x00000000a2600000, 0x0000000100000000)
  region size 1024K, 85 young (87040K), 11 survivors (11264K)
 Metaspace       used 65488K, committed 66368K, reserved 1114112K
  class space    used 7672K, committed 8064K, reserved 1048576K
GC Heap History (20 events):
Event: 1.214 GC heap before
{Heap before GC invocations=3 (full 0):
 garbage-first heap   total 37888K, used 36389K [0x00000000a2600000, 0x0000000100000000)
  region size 1024K, 23 young (23552K), 2 survivors (2048K)
 Metaspace       used 29036K, committed 29312K, reserved 1114112K
  class space    used 3524K, committed 3648K, reserved 1048576K
}
Event: 1.219 GC heap after
{Heap after GC invocations=4 (full 0):
 garbage-first heap   total 40960K, used 15956K [0x00000000a2600000, 0x0000000100000000)
  region size 1024K, 3 young (3072K), 3 survivors (3072K)
 Metaspace       used 29036K, committed 29312K, reserved 1114112K
  class space    used 3524K, committed 3648K, reserved 1048576K
}
Event: 1.322 GC heap before
{Heap before GC invocations=4 (full 0):
 garbage-first heap   total 40960K, used 34388K [0x00000000a2600000, 0x0000000100000000)
  region size 1024K, 21 young (21504K), 3 survivors (3072K)
 Metaspace       used 29300K, committed 29568K, reserved 1114112K
  class space    used 3531K, committed 3648K, reserved 1048576K
}
Event: 1.334 GC heap after
{Heap after GC invocations=5 (full 0):
 garbage-first heap   total 43008K, used 20376K [0x00000000a2600000, 0x0000000100000000)
  region size 1024K, 3 young (3072K), 3 survivors (3072K)
 Metaspace       used 29300K, committed 29568K, reserved 1114112K
  class space    used 3531K, committed 3648K, reserved 1048576K
}
Event: 1.449 GC heap before
{Heap before GC invocations=5 (full 0):
 garbage-first heap   total 43008K, used 35736K [0x00000000a2600000, 0x0000000100000000)
  region size 1024K, 18 young (18432K), 3 survivors (3072K)
 Metaspace       used 29421K, committed 29760K, reserved 1114112K
  class space    used 3537K, committed 3712K, reserved 1048576K
}
Event: 1.481 GC heap after
{Heap after GC invocations=6 (full 0):
 garbage-first heap   total 47104K, used 28672K [0x00000000a2600000, 0x0000000100000000)
  region size 1024K, 3 young (3072K), 3 survivors (3072K)
 Metaspace       used 29421K, committed 29760K, reserved 1114112K
  class space    used 3537K, committed 3712K, reserved 1048576K
}
Event: 1.518 GC heap before
{Heap before GC invocations=6 (full 0):
 garbage-first heap   total 47104K, used 32768K [0x00000000a2600000, 0x0000000100000000)
  region size 1024K, 9 young (9216K), 3 survivors (3072K)
 Metaspace       used 29434K, committed 29760K, reserved 1114112K
  class space    used 3537K, committed 3712K, reserved 1048576K
}
Event: 1.530 GC heap after
{Heap after GC invocations=7 (full 0):
 garbage-first heap   total 94208K, used 23552K [0x00000000a2600000, 0x0000000100000000)
  region size 1024K, 2 young (2048K), 2 survivors (2048K)
 Metaspace       used 29434K, committed 29760K, reserved 1114112K
  class space    used 3537K, committed 3712K, reserved 1048576K
}
Event: 1.950 GC heap before
{Heap before GC invocations=7 (full 0):
 garbage-first heap   total 94208K, used 67584K [0x00000000a2600000, 0x0000000100000000)
  region size 1024K, 42 young (43008K), 2 survivors (2048K)
 Metaspace       used 35081K, committed 35328K, reserved 1114112K
  class space    used 4360K, committed 4480K, reserved 1048576K
}
Event: 1.967 GC heap after
{Heap after GC invocations=8 (full 0):
 garbage-first heap   total 94208K, used 30035K [0x00000000a2600000, 0x0000000100000000)
  region size 1024K, 6 young (6144K), 6 survivors (6144K)
 Metaspace       used 35081K, committed 35328K, reserved 1114112K
  class space    used 4360K, committed 4480K, reserved 1048576K
}
Event: 2.054 GC heap before
{Heap before GC invocations=8 (full 0):
 garbage-first heap   total 94208K, used 47443K [0x00000000a2600000, 0x0000000100000000)
  region size 1024K, 13 young (13312K), 6 survivors (6144K)
 Metaspace       used 35730K, committed 35968K, reserved 1114112K
  class space    used 4434K, committed 4544K, reserved 1048576K
}
Event: 2.065 GC heap after
{Heap after GC invocations=9 (full 0):
 garbage-first heap   total 94208K, used 44510K [0x00000000a2600000, 0x0000000100000000)
  region size 1024K, 3 young (3072K), 3 survivors (3072K)
 Metaspace       used 35730K, committed 35968K, reserved 1114112K
  class space    used 4434K, committed 4544K, reserved 1048576K
}
Event: 2.515 GC heap before
{Heap before GC invocations=10 (full 0):
 garbage-first heap   total 94208K, used 73182K [0x00000000a2600000, 0x0000000100000000)
  region size 1024K, 32 young (32768K), 3 survivors (3072K)
 Metaspace       used 41792K, committed 42048K, reserved 1114112K
  class space    used 5018K, committed 5120K, reserved 1048576K
}
Event: 2.523 GC heap after
{Heap after GC invocations=11 (full 0):
 garbage-first heap   total 94208K, used 47104K [0x00000000a2600000, 0x0000000100000000)
  region size 1024K, 4 young (4096K), 4 survivors (4096K)
 Metaspace       used 41792K, committed 42048K, reserved 1114112K
  class space    used 5018K, committed 5120K, reserved 1048576K
}
Event: 3.072 GC heap before
{Heap before GC invocations=11 (full 0):
 garbage-first heap   total 94208K, used 77824K [0x00000000a2600000, 0x0000000100000000)
  region size 1024K, 34 young (34816K), 4 survivors (4096K)
 Metaspace       used 47535K, committed 48256K, reserved 1114112K
  class space    used 5793K, committed 6144K, reserved 1048576K
}
Event: 3.084 GC heap after
{Heap after GC invocations=12 (full 0):
 garbage-first heap   total 94208K, used 49845K [0x00000000a2600000, 0x0000000100000000)
  region size 1024K, 5 young (5120K), 5 survivors (5120K)
 Metaspace       used 47535K, committed 48256K, reserved 1114112K
  class space    used 5793K, committed 6144K, reserved 1048576K
}
Event: 3.364 GC heap before
{Heap before GC invocations=12 (full 0):
 garbage-first heap   total 94208K, used 64181K [0x00000000a2600000, 0x0000000100000000)
  region size 1024K, 20 young (20480K), 5 survivors (5120K)
 Metaspace       used 50585K, committed 51392K, reserved 1114112K
  class space    used 6176K, committed 6528K, reserved 1048576K
}
Event: 3.375 GC heap after
{Heap after GC invocations=13 (full 0):
 garbage-first heap   total 181248K, used 51973K [0x00000000a2600000, 0x0000000100000000)
  region size 1024K, 2 young (2048K), 2 survivors (2048K)
 Metaspace       used 50585K, committed 51392K, reserved 1114112K
  class space    used 6176K, committed 6528K, reserved 1048576K
}
Event: 4.997 GC heap before
{Heap before GC invocations=13 (full 0):
 garbage-first heap   total 181248K, used 133893K [0x00000000a2600000, 0x0000000100000000)
  region size 1024K, 82 young (83968K), 2 survivors (2048K)
 Metaspace       used 59435K, committed 60160K, reserved 1114112K
  class space    used 7166K, committed 7488K, reserved 1048576K
}
Event: 5.013 GC heap after
{Heap after GC invocations=14 (full 0):
 garbage-first heap   total 181248K, used 61189K [0x00000000a2600000, 0x0000000100000000)
  region size 1024K, 11 young (11264K), 11 survivors (11264K)
 Metaspace       used 59435K, committed 60160K, reserved 1114112K
  class space    used 7166K, committed 7488K, reserved 1048576K
}

