# JRE version: Java(TM) SE Runtime Environment (17.0.10+11) (build 17.0.10+11-LTS-240)
# Java VM: Java HotSpot(TM) 64-Bit Server VM (17.0.10+11-LTS-240, mixed mode, sharing, tiered, compressed oops, compressed class ptrs, parallel gc, windows-amd64)
GC Precious Log:
 CPUs: 12 total, 12 available
 Memory: 5989M
 Large Page Support: Disabled
 NUMA Support: Disabled
 Compressed Oops: Enabled (Zero based)
 Alignments: Space 512K, Generation 512K, Heap 2M
 Heap Min Capacity: 8M
 Heap Initial Capacity: 94M
 Heap Max Capacity: 4G
 Pre-touch: Disabled
 Parallel Workers: 10
Heap:
 PSYoungGen      total 116736K, used 51386K [0x00000007aab00000, 0x00000007b3f00000, 0x0000000800000000)
  eden space 104448K, 37% used [0x00000007aab00000,0x00000007ad136980,0x00000007b1100000)
  from space 12288K, 99% used [0x00000007b1100000,0x00000007b1cf80c0,0x00000007b1d00000)
  to   space 16384K, 0% used [0x00000007b2f00000,0x00000007b2f00000,0x00000007b3f00000)
 ParOldGen       total 111616K, used 67104K [0x0000000700000000, 0x0000000706d00000, 0x00000007aab00000)
  object space 111616K, 60% used [0x0000000700000000,0x00000007041880b8,0x0000000706d00000)
 Metaspace       used 101716K, committed 102336K, reserved 1179648K
  class space    used 12947K, committed 13248K, reserved 1048576K
GC Heap History (20 events):
Event: 14.195 GC heap before
{Heap before GC invocations=15 (full 2):
 PSYoungGen      total 51200K, used 50716K [0x00000007aab00000, 0x00000007af280000, 0x0000000800000000)
  eden space 41984K, 100% used [0x00000007aab00000,0x00000007ad400000,0x00000007ad400000)
  from space 9216K, 94% used [0x00000007ae980000,0x00000007af207098,0x00000007af280000)
  to   space 11776K, 0% used [0x00000007adb80000,0x00000007adb80000,0x00000007ae700000)
 ParOldGen       total 64512K, used 31264K [0x0000000700000000, 0x0000000703f00000, 0x00000007aab00000)
  object space 64512K, 48% used [0x0000000700000000,0x0000000701e881b0,0x0000000703f00000)
 Metaspace       used 51965K, committed 52480K, reserved 1114112K
  class space    used 7377K, committed 7616K, reserved 1048576K
}
Event: 14.209 GC heap after
{Heap after GC invocations=15 (full 2):
 PSYoungGen      total 61440K, used 9686K [0x00000007aab00000, 0x00000007b0600000, 0x0000000800000000)
  eden space 49664K, 0% used [0x00000007aab00000,0x00000007aab00000,0x00000007adb80000)
  from space 11776K, 82% used [0x00000007adb80000,0x00000007ae4f5a38,0x00000007ae700000)
  to   space 12800K, 0% used [0x00000007af980000,0x00000007af980000,0x00000007b0600000)
 ParOldGen       total 64512K, used 33153K [0x0000000700000000, 0x0000000703f00000, 0x00000007aab00000)
  object space 64512K, 51% used [0x0000000700000000,0x00000007020605a8,0x0000000703f00000)
 Metaspace       used 51965K, committed 52480K, reserved 1114112K
  class space    used 7377K, committed 7616K, reserved 1048576K
}
Event: 15.272 GC heap before
{Heap before GC invocations=16 (full 2):
 PSYoungGen      total 61440K, used 59350K [0x00000007aab00000, 0x00000007b0600000, 0x0000000800000000)
  eden space 49664K, 100% used [0x00000007aab00000,0x00000007adb80000,0x00000007adb80000)
  from space 11776K, 82% used [0x00000007adb80000,0x00000007ae4f5a38,0x00000007ae700000)
  to   space 12800K, 0% used [0x00000007af980000,0x00000007af980000,0x00000007b0600000)
 ParOldGen       total 64512K, used 33153K [0x0000000700000000, 0x0000000703f00000, 0x00000007aab00000)
  object space 64512K, 51% used [0x0000000700000000,0x00000007020605a8,0x0000000703f00000)
 Metaspace       used 56933K, committed 57472K, reserved 1114112K
  class space    used 7928K, committed 8192K, reserved 1048576K
}
Event: 15.290 GC heap after
{Heap after GC invocations=16 (full 2):
 PSYoungGen      total 79872K, used 9424K [0x00000007aab00000, 0x00000007b1300000, 0x0000000800000000)
  eden space 67072K, 0% used [0x00000007aab00000,0x00000007aab00000,0x00000007aec80000)
  from space 12800K, 73% used [0x00000007af980000,0x00000007b02b42d8,0x00000007b0600000)
  to   space 13312K, 0% used [0x00000007aec80000,0x00000007aec80000,0x00000007af980000)
 ParOldGen       total 64512K, used 42796K [0x0000000700000000, 0x0000000703f00000, 0x00000007aab00000)
  object space 64512K, 66% used [0x0000000700000000,0x00000007029cb168,0x0000000703f00000)
 Metaspace       used 56933K, committed 57472K, reserved 1114112K
  class space    used 7928K, committed 8192K, reserved 1048576K
}
Event: 15.870 GC heap before
{Heap before GC invocations=17 (full 2):
 PSYoungGen      total 79872K, used 31889K [0x00000007aab00000, 0x00000007b1300000, 0x0000000800000000)
  eden space 67072K, 33% used [0x00000007aab00000,0x00000007ac0f03a8,0x00000007aec80000)
  from space 12800K, 73% used [0x00000007af980000,0x00000007b02b42d8,0x00000007b0600000)
  to   space 13312K, 0% used [0x00000007aec80000,0x00000007aec80000,0x00000007af980000)
 ParOldGen       total 64512K, used 42796K [0x0000000700000000, 0x0000000703f00000, 0x00000007aab00000)
  object space 64512K, 66% used [0x0000000700000000,0x00000007029cb168,0x0000000703f00000)
 Metaspace       used 59269K, committed 59776K, reserved 1114112K
  class space    used 8142K, committed 8384K, reserved 1048576K
}
Event: 15.880 GC heap after
{Heap after GC invocations=17 (full 2):
 PSYoungGen      total 80384K, used 1472K [0x00000007aab00000, 0x00000007b1300000, 0x0000000800000000)
  eden space 67072K, 0% used [0x00000007aab00000,0x00000007aab00000,0x00000007aec80000)
  from space 13312K, 11% used [0x00000007aec80000,0x00000007aedf0000,0x00000007af980000)
  to   space 13312K, 0% used [0x00000007b0600000,0x00000007b0600000,0x00000007b1300000)
 ParOldGen       total 64512K, used 52109K [0x0000000700000000, 0x0000000703f00000, 0x00000007aab00000)
  object space 64512K, 80% used [0x0000000700000000,0x00000007032e3460,0x0000000703f00000)
 Metaspace       used 59269K, committed 59776K, reserved 1114112K
  class space    used 8142K, committed 8384K, reserved 1048576K
}
Event: 15.880 GC heap before
{Heap before GC invocations=18 (full 3):
 PSYoungGen      total 80384K, used 1472K [0x00000007aab00000, 0x00000007b1300000, 0x0000000800000000)
  eden space 67072K, 0% used [0x00000007aab00000,0x00000007aab00000,0x00000007aec80000)
  from space 13312K, 11% used [0x00000007aec80000,0x00000007aedf0000,0x00000007af980000)
  to   space 13312K, 0% used [0x00000007b0600000,0x00000007b0600000,0x00000007b1300000)
 ParOldGen       total 64512K, used 52109K [0x0000000700000000, 0x0000000703f00000, 0x00000007aab00000)
  object space 64512K, 80% used [0x0000000700000000,0x00000007032e3460,0x0000000703f00000)
 Metaspace       used 59269K, committed 59776K, reserved 1114112K
  class space    used 8142K, committed 8384K, reserved 1048576K
}
Event: 15.960 GC heap after
{Heap after GC invocations=18 (full 3):
 PSYoungGen      total 80384K, used 0K [0x00000007aab00000, 0x00000007b1300000, 0x0000000800000000)
  eden space 67072K, 0% used [0x00000007aab00000,0x00000007aab00000,0x00000007aec80000)
  from space 13312K, 0% used [0x00000007aec80000,0x00000007aec80000,0x00000007af980000)
  to   space 13312K, 0% used [0x00000007b0600000,0x00000007b0600000,0x00000007b1300000)
 ParOldGen       total 64512K, used 52832K [0x0000000700000000, 0x0000000703f00000, 0x00000007aab00000)
  object space 64512K, 81% used [0x0000000700000000,0x0000000703398098,0x0000000703f00000)
 Metaspace       used 59269K, committed 59776K, reserved 1114112K
  class space    used 8142K, committed 8384K, reserved 1048576K
}
Event: 18.605 GC heap before
{Heap before GC invocations=19 (full 3):
 PSYoungGen      total 80384K, used 67072K [0x00000007aab00000, 0x00000007b1300000, 0x0000000800000000)
  eden space 67072K, 100% used [0x00000007aab00000,0x00000007aec80000,0x00000007aec80000)
  from space 13312K, 0% used [0x00000007aec80000,0x00000007aec80000,0x00000007af980000)
  to   space 13312K, 0% used [0x00000007b0600000,0x00000007b0600000,0x00000007b1300000)
 ParOldGen       total 64512K, used 52832K [0x0000000700000000, 0x0000000703f00000, 0x00000007aab00000)
  object space 64512K, 81% used [0x0000000700000000,0x0000000703398098,0x0000000703f00000)
 Metaspace       used 67428K, committed 67968K, reserved 1114112K
  class space    used 9084K, committed 9344K, reserved 1048576K
}
Event: 18.610 GC heap after
{Heap after GC invocations=19 (full 3):
 PSYoungGen      total 93696K, used 3801K [0x00000007aab00000, 0x00000007b2d00000, 0x0000000800000000)
  eden space 80384K, 0% used [0x00000007aab00000,0x00000007aab00000,0x00000007af980000)
  from space 13312K, 28% used [0x00000007b0600000,0x00000007b09b6430,0x00000007b1300000)
  to   space 12800K, 0% used [0x00000007af980000,0x00000007af980000,0x00000007b0600000)
 ParOldGen       total 64512K, used 52840K [0x0000000700000000, 0x0000000703f00000, 0x00000007aab00000)
  object space 64512K, 81% used [0x0000000700000000,0x000000070339a098,0x0000000703f00000)
 Metaspace       used 67428K, committed 67968K, reserved 1114112K
  class space    used 9084K, committed 9344K, reserved 1048576K
}
Event: 20.315 GC heap before
{Heap before GC invocations=20 (full 3):
 PSYoungGen      total 93696K, used 84185K [0x00000007aab00000, 0x00000007b2d00000, 0x0000000800000000)
  eden space 80384K, 100% used [0x00000007aab00000,0x00000007af980000,0x00000007af980000)
  from space 13312K, 28% used [0x00000007b0600000,0x00000007b09b6430,0x00000007b1300000)
  to   space 12800K, 0% used [0x00000007af980000,0x00000007af980000,0x00000007b0600000)
 ParOldGen       total 64512K, used 52840K [0x0000000700000000, 0x0000000703f00000, 0x00000007aab00000)
  object space 64512K, 81% used [0x0000000700000000,0x000000070339a098,0x0000000703f00000)
 Metaspace       used 72020K, committed 72576K, reserved 1114112K
  class space    used 9602K, committed 9856K, reserved 1048576K
}
Event: 20.324 GC heap after
{Heap after GC invocations=20 (full 3):
 PSYoungGen      total 93184K, used 5562K [0x00000007aab00000, 0x00000007b3100000, 0x0000000800000000)
  eden space 80384K, 0% used [0x00000007aab00000,0x00000007aab00000,0x00000007af980000)
  from space 12800K, 43% used [0x00000007af980000,0x00000007afeeea88,0x00000007b0600000)
  to   space 12288K, 0% used [0x00000007b2500000,0x00000007b2500000,0x00000007b3100000)
 ParOldGen       total 64512K, used 56388K [0x0000000700000000, 0x0000000703f00000, 0x00000007aab00000)
  object space 64512K, 87% used [0x0000000700000000,0x0000000703711040,0x0000000703f00000)
 Metaspace       used 72020K, committed 72576K, reserved 1114112K
  class space    used 9602K, committed 9856K, reserved 1048576K
}
Event: 20.324 GC heap before
{Heap before GC invocations=21 (full 4):
 PSYoungGen      total 93184K, used 5562K [0x00000007aab00000, 0x00000007b3100000, 0x0000000800000000)
  eden space 80384K, 0% used [0x00000007aab00000,0x00000007aab00000,0x00000007af980000)
  from space 12800K, 43% used [0x00000007af980000,0x00000007afeeea88,0x00000007b0600000)
  to   space 12288K, 0% used [0x00000007b2500000,0x00000007b2500000,0x00000007b3100000)
 ParOldGen       total 64512K, used 56388K [0x0000000700000000, 0x0000000703f00000, 0x00000007aab00000)
  object space 64512K, 87% used [0x0000000700000000,0x0000000703711040,0x0000000703f00000)
 Metaspace       used 72020K, committed 72576K, reserved 1114112K
  class space    used 9602K, committed 9856K, reserved 1048576K
}
Event: 20.404 GC heap after
{Heap after GC invocations=21 (full 4):
 PSYoungGen      total 93184K, used 0K [0x00000007aab00000, 0x00000007b2580000, 0x0000000800000000)
  eden space 92672K, 0% used [0x00000007aab00000,0x00000007aab00000,0x00000007b0580000)
  from space 512K, 0% used [0x00000007b2500000,0x00000007b2500000,0x00000007b2580000)
  to   space 12288K, 0% used [0x00000007b0d80000,0x00000007b0d80000,0x00000007b1980000)
 ParOldGen       total 111616K, used 61535K [0x0000000700000000, 0x0000000706d00000, 0x00000007aab00000)
  object space 111616K, 55% used [0x0000000700000000,0x0000000703c17ca0,0x0000000706d00000)
 Metaspace       used 72020K, committed 72576K, reserved 1114112K
  class space    used 9602K, committed 9856K, reserved 1048576K
}
Event: 23.421 GC heap before
{Heap before GC invocations=22 (full 4):
 PSYoungGen      total 93184K, used 92672K [0x00000007aab00000, 0x00000007b2580000, 0x0000000800000000)
  eden space 92672K, 100% used [0x00000007aab00000,0x00000007b0580000,0x00000007b0580000)
  from space 512K, 0% used [0x00000007b2500000,0x00000007b2500000,0x00000007b2580000)
  to   space 12288K, 0% used [0x00000007b0d80000,0x00000007b0d80000,0x00000007b1980000)
 ParOldGen       total 111616K, used 61535K [0x0000000700000000, 0x0000000706d00000, 0x00000007aab00000)
  object space 111616K, 55% used [0x0000000700000000,0x0000000703c17ca0,0x0000000706d00000)
 Metaspace       used 81539K, committed 82176K, reserved 1179648K
  class space    used 10644K, committed 10944K, reserved 1048576K
}
Event: 23.428 GC heap after
{Heap after GC invocations=22 (full 4):
 PSYoungGen      total 113152K, used 6432K [0x00000007aab00000, 0x00000007b2880000, 0x0000000800000000)
  eden space 100864K, 0% used [0x00000007aab00000,0x00000007aab00000,0x00000007b0d80000)
  from space 12288K, 52% used [0x00000007b0d80000,0x00000007b13c8058,0x00000007b1980000)
  to   space 11776K, 0% used [0x00000007b1d00000,0x00000007b1d00000,0x00000007b2880000)
 ParOldGen       total 111616K, used 61543K [0x0000000700000000, 0x0000000706d00000, 0x00000007aab00000)
  object space 111616K, 55% used [0x0000000700000000,0x0000000703c19ca0,0x0000000706d00000)
 Metaspace       used 81539K, committed 82176K, reserved 1179648K
  class space    used 10644K, committed 10944K, reserved 1048576K
}
Event: 25.360 GC heap before
{Heap before GC invocations=23 (full 4):
 PSYoungGen      total 113152K, used 107296K [0x00000007aab00000, 0x00000007b2880000, 0x0000000800000000)
  eden space 100864K, 100% used [0x00000007aab00000,0x00000007b0d80000,0x00000007b0d80000)
  from space 12288K, 52% used [0x00000007b0d80000,0x00000007b13c8058,0x00000007b1980000)
  to   space 11776K, 0% used [0x00000007b1d00000,0x00000007b1d00000,0x00000007b2880000)
 ParOldGen       total 111616K, used 61543K [0x0000000700000000, 0x0000000706d00000, 0x00000007aab00000)
  object space 111616K, 55% used [0x0000000700000000,0x0000000703c19ca0,0x0000000706d00000)
 Metaspace       used 95575K, committed 96256K, reserved 1179648K
  class space    used 12033K, committed 12352K, reserved 1048576K
}
Event: 25.369 GC heap after
{Heap after GC invocations=23 (full 4):
 PSYoungGen      total 116224K, used 8640K [0x00000007aab00000, 0x00000007b3180000, 0x0000000800000000)
  eden space 104448K, 0% used [0x00000007aab00000,0x00000007aab00000,0x00000007b1100000)
  from space 11776K, 73% used [0x00000007b1d00000,0x00000007b2570040,0x00000007b2880000)
  to   space 12288K, 0% used [0x00000007b1100000,0x00000007b1100000,0x00000007b1d00000)
 ParOldGen       total 111616K, used 61551K [0x0000000700000000, 0x0000000706d00000, 0x00000007aab00000)
  object space 111616K, 55% used [0x0000000700000000,0x0000000703c1bca0,0x0000000706d00000)
 Metaspace       used 95575K, committed 96256K, reserved 1179648K
  class space    used 12033K, committed 12352K, reserved 1048576K
}
Event: 26.750 GC heap before
{Heap before GC invocations=24 (full 4):
 PSYoungGen      total 116224K, used 113088K [0x00000007aab00000, 0x00000007b3180000, 0x0000000800000000)
  eden space 104448K, 100% used [0x00000007aab00000,0x00000007b1100000,0x00000007b1100000)
  from space 11776K, 73% used [0x00000007b1d00000,0x00000007b2570040,0x00000007b2880000)
  to   space 12288K, 0% used [0x00000007b1100000,0x00000007b1100000,0x00000007b1d00000)
 ParOldGen       total 111616K, used 61551K [0x0000000700000000, 0x0000000706d00000, 0x00000007aab00000)
  object space 111616K, 55% used [0x0000000700000000,0x0000000703c1bca0,0x0000000706d00000)
 Metaspace       used 101504K, committed 102144K, reserved 1179648K
  class space    used 12947K, committed 13248K, reserved 1048576K
}
Event: 26.769 GC heap after
{Heap after GC invocations=24 (full 4):
 PSYoungGen      total 116736K, used 12256K [0x00000007aab00000, 0x00000007b3f00000, 0x0000000800000000)
  eden space 104448K, 0% used [0x00000007aab00000,0x00000007aab00000,0x00000007b1100000)
  from space 12288K, 99% used [0x00000007b1100000,0x00000007b1cf80c0,0x00000007b1d00000)
  to   space 16384K, 0% used [0x00000007b2f00000,0x00000007b2f00000,0x00000007b3f00000)
 ParOldGen       total 111616K, used 67104K [0x0000000700000000, 0x0000000706d00000, 0x00000007aab00000)
  object space 111616K, 60% used [0x0000000700000000,0x00000007041880b8,0x0000000706d00000)
 Metaspace       used 101504K, committed 102144K, reserved 1179648K
  class space    used 12947K, committed 13248K, reserved 1048576K
}

