# JRE version: OpenJDK Runtime Environment (21.0.8) (build 21.0.8+-14018985-b1038.68)
# Java VM: OpenJDK 64-Bit Server VM (21.0.8+-14018985-b1038.68, mixed mode, tiered, compressed oops, compressed class ptrs, g1 gc, windows-amd64)
GC Precious Log:
 CardTable entry size: 512
 Card Set container configuration: InlinePtr #cards 5 size 8 Array Of Cards #cards 12 size 40 Howl #buckets 4 coarsen threshold 1843 Howl Bitmap #cards 512 size 80 coarsen threshold 460 Card regions per heap region 1 cards per card region 2048
 CPUs: 12 total, 12 available
 Memory: 5989M
 Large Page Support: Disabled
 NUMA Support: Disabled
 Compressed Oops: Enabled (32-bit)
 Heap Region Size: 1M
 Heap Min Capacity: 8M
 Heap Initial Capacity: 94M
 Heap Max Capacity: 1498M
 Pre-touch: Disabled
 Parallel Workers: 10
 Concurrent Workers: 3
 Concurrent Refinement Workers: 10
 Periodic GC: Disabled
Heap:
 garbage-first heap   total 180224K, used 128547K [0x00000000a2600000, 0x0000000100000000)
  region size 1024K, 82 young (83968K), 9 survivors (9216K)
 Metaspace       used 64218K, committed 65088K, reserved 1114112K
  class space    used 7629K, committed 8064K, reserved 1048576K
GC Heap History (20 events):
Event: 1.519 GC heap before
{Heap before GC invocations=3 (full 0):
 garbage-first heap   total 27648K, used 27017K [0x00000000a2600000, 0x0000000100000000)
  region size 1024K, 21 young (21504K), 2 survivors (2048K)
 Metaspace       used 27953K, committed 28096K, reserved 1114112K
  class space    used 3397K, committed 3456K, reserved 1048576K
}
Event: 1.525 GC heap after
{Heap after GC invocations=4 (full 0):
 garbage-first heap   total 30720K, used 8592K [0x00000000a2600000, 0x0000000100000000)
  region size 1024K, 3 young (3072K), 3 survivors (3072K)
 Metaspace       used 27953K, committed 28096K, reserved 1114112K
  class space    used 3397K, committed 3456K, reserved 1048576K
}
Event: 1.673 GC heap before
{Heap before GC invocations=4 (full 0):
 garbage-first heap   total 30720K, used 30096K [0x00000000a2600000, 0x0000000100000000)
  region size 1024K, 17 young (17408K), 3 survivors (3072K)
 Metaspace       used 29311K, committed 29568K, reserved 1114112K
  class space    used 3531K, committed 3648K, reserved 1048576K
}
Event: 1.684 GC heap after
{Heap after GC invocations=5 (full 0):
 garbage-first heap   total 36864K, used 18944K [0x00000000a2600000, 0x0000000100000000)
  region size 1024K, 3 young (3072K), 3 survivors (3072K)
 Metaspace       used 29311K, committed 29568K, reserved 1114112K
  class space    used 3531K, committed 3648K, reserved 1048576K
}
Event: 1.730 GC heap before
{Heap before GC invocations=5 (full 0):
 garbage-first heap   total 36864K, used 30208K [0x00000000a2600000, 0x0000000100000000)
  region size 1024K, 14 young (14336K), 3 survivors (3072K)
 Metaspace       used 29311K, committed 29568K, reserved 1114112K
  class space    used 3531K, committed 3648K, reserved 1048576K
}
Event: 1.742 GC heap after
{Heap after GC invocations=6 (full 0):
 garbage-first heap   total 36864K, used 21836K [0x00000000a2600000, 0x0000000100000000)
  region size 1024K, 2 young (2048K), 2 survivors (2048K)
 Metaspace       used 29311K, committed 29568K, reserved 1114112K
  class space    used 3531K, committed 3648K, reserved 1048576K
}
Event: 1.801 GC heap before
{Heap before GC invocations=6 (full 0):
 garbage-first heap   total 36864K, used 26956K [0x00000000a2600000, 0x0000000100000000)
  region size 1024K, 9 young (9216K), 2 survivors (2048K)
 Metaspace       used 29424K, committed 29760K, reserved 1114112K
  class space    used 3536K, committed 3712K, reserved 1048576K
}
Event: 1.823 GC heap after
{Heap after GC invocations=7 (full 0):
 garbage-first heap   total 36864K, used 27591K [0x00000000a2600000, 0x0000000100000000)
  region size 1024K, 2 young (2048K), 2 survivors (2048K)
 Metaspace       used 29424K, committed 29760K, reserved 1114112K
  class space    used 3536K, committed 3712K, reserved 1048576K
}
Event: 1.859 GC heap before
{Heap before GC invocations=8 (full 0):
 garbage-first heap   total 48128K, used 30663K [0x00000000a2600000, 0x0000000100000000)
  region size 1024K, 5 young (5120K), 2 survivors (2048K)
 Metaspace       used 29429K, committed 29760K, reserved 1114112K
  class space    used 3537K, committed 3712K, reserved 1048576K
}
Event: 1.868 GC heap after
{Heap after GC invocations=9 (full 0):
 garbage-first heap   total 90112K, used 30086K [0x00000000a2600000, 0x0000000100000000)
  region size 1024K, 1 young (1024K), 1 survivors (1024K)
 Metaspace       used 29429K, committed 29760K, reserved 1114112K
  class space    used 3537K, committed 3712K, reserved 1048576K
}
Event: 2.082 GC heap before
{Heap before GC invocations=9 (full 0):
 garbage-first heap   total 90112K, used 62854K [0x00000000a2600000, 0x0000000100000000)
  region size 1024K, 30 young (30720K), 1 survivors (1024K)
 Metaspace       used 29894K, committed 30144K, reserved 1114112K
  class space    used 3592K, committed 3712K, reserved 1048576K
}
Event: 2.098 GC heap after
{Heap after GC invocations=10 (full 0):
 garbage-first heap   total 90112K, used 29422K [0x00000000a2600000, 0x0000000100000000)
  region size 1024K, 4 young (4096K), 4 survivors (4096K)
 Metaspace       used 29894K, committed 30144K, reserved 1114112K
  class space    used 3592K, committed 3712K, reserved 1048576K
}
Event: 2.703 GC heap before
{Heap before GC invocations=10 (full 0):
 garbage-first heap   total 90112K, used 70382K [0x00000000a2600000, 0x0000000100000000)
  region size 1024K, 33 young (33792K), 4 survivors (4096K)
 Metaspace       used 37011K, committed 37248K, reserved 1114112K
  class space    used 4590K, committed 4672K, reserved 1048576K
}
Event: 2.716 GC heap after
{Heap after GC invocations=11 (full 0):
 garbage-first heap   total 90112K, used 46080K [0x00000000a2600000, 0x0000000100000000)
  region size 1024K, 5 young (5120K), 5 survivors (5120K)
 Metaspace       used 37011K, committed 37248K, reserved 1114112K
  class space    used 4590K, committed 4672K, reserved 1048576K
}
Event: 3.025 GC heap before
{Heap before GC invocations=11 (full 0):
 garbage-first heap   total 90112K, used 69632K [0x00000000a2600000, 0x0000000100000000)
  region size 1024K, 28 young (28672K), 5 survivors (5120K)
 Metaspace       used 41856K, committed 42176K, reserved 1114112K
  class space    used 5026K, committed 5184K, reserved 1048576K
}
Event: 3.034 GC heap after
{Heap after GC invocations=12 (full 0):
 garbage-first heap   total 90112K, used 48491K [0x00000000a2600000, 0x0000000100000000)
  region size 1024K, 3 young (3072K), 3 survivors (3072K)
 Metaspace       used 41856K, committed 42176K, reserved 1114112K
  class space    used 5026K, committed 5184K, reserved 1048576K
}
Event: 3.382 GC heap before
{Heap before GC invocations=13 (full 0):
 garbage-first heap   total 90112K, used 68971K [0x00000000a2600000, 0x0000000100000000)
  region size 1024K, 26 young (26624K), 3 survivors (3072K)
 Metaspace       used 45713K, committed 46400K, reserved 1114112K
  class space    used 5615K, committed 5952K, reserved 1048576K
}
Event: 3.392 GC heap after
{Heap after GC invocations=14 (full 0):
 garbage-first heap   total 180224K, used 48169K [0x00000000a2600000, 0x0000000100000000)
  region size 1024K, 2 young (2048K), 2 survivors (2048K)
 Metaspace       used 45713K, committed 46400K, reserved 1114112K
  class space    used 5615K, committed 5952K, reserved 1048576K
}
Event: 5.147 GC heap before
{Heap before GC invocations=14 (full 0):
 garbage-first heap   total 180224K, used 133161K [0x00000000a2600000, 0x0000000100000000)
  region size 1024K, 85 young (87040K), 2 survivors (2048K)
 Metaspace       used 57972K, committed 58752K, reserved 1114112K
  class space    used 7073K, committed 7424K, reserved 1048576K
}
Event: 5.160 GC heap after
{Heap after GC invocations=15 (full 0):
 garbage-first heap   total 180224K, used 54819K [0x00000000a2600000, 0x0000000100000000)
  region size 1024K, 9 young (9216K), 9 survivors (9216K)
 Metaspace       used 57972K, committed 58752K, reserved 1114112K
  class space    used 7073K, committed 7424K, reserved 1048576K
}

